\BOOKMARK [1][-]{section.1}{\376\377\116\313\176\315}{}% 1
\BOOKMARK [2][-]{subsection.1.1}{\376\377\215\041\163\056}{section.1}% 2
\BOOKMARK [2][-]{subsection.1.2}{\376\377\213\304\117\060\176\323\147\234\140\073\176\323}{section.1}% 3
\BOOKMARK [1][-]{section.2}{\376\377\145\271\154\325}{}% 4
\BOOKMARK [2][-]{subsection.2.1}{\376\377\151\202\217\360}{section.2}% 5
\BOOKMARK [2][-]{subsection.2.2}{\376\377\000\040\000D\000e\000e\000p\000S\000e\000e\000k\000-\000R\0001\000-\000Z\000e\000r\000o\000:\000\040\127\372\116\216\152\041\127\213\166\204\137\072\123\026\133\146\116\140}{section.2}% 6
\BOOKMARK [3][-]{subsubsection.2.2.1}{\376\377\137\072\123\026\133\146\116\140\173\227\154\325}{subsection.2.2}% 7
\BOOKMARK [3][-]{subsubsection.2.2.2}{\376\377\131\126\122\261\136\372\152\041}{subsection.2.2}% 8
\BOOKMARK [3][-]{subsubsection.2.2.3}{\376\377\213\255\176\303\152\041\147\177}{subsection.2.2}% 9
\BOOKMARK [3][-]{subsubsection.2.2.4}{\376\377\000D\000e\000e\000p\000S\000e\000e\000k\000-\000R\0001\000-\000Z\000e\000r\000o\000\040\166\204\140\047\200\375\060\001\201\352\142\021\217\333\123\026\217\307\172\013\124\214\230\177\140\237\145\366\122\073}{subsection.2.2}% 10
\BOOKMARK [2][-]{subsection.2.3}{\376\377\000D\000e\000e\000p\000S\000e\000e\000k\000-\000R\0001\000:\000\040\121\267\124\057\122\250\116\013\166\204\137\072\123\026\133\146\116\140}{section.2}% 11
\BOOKMARK [3][-]{subsubsection.2.3.1}{\376\377\121\267\124\057\122\250}{subsection.2.3}% 12
\BOOKMARK [3][-]{subsubsection.2.3.2}{\376\377\227\142\124\021\143\250\164\006\166\204\137\072\123\026\133\146\116\140}{subsection.2.3}% 13
\BOOKMARK [3][-]{subsubsection.2.3.3}{\376\377\142\322\176\335\221\307\150\067\116\016\166\321\167\143\137\256\214\003}{subsection.2.3}% 14
\BOOKMARK [3][-]{subsubsection.2.3.4}{\376\377\142\100\147\011\127\072\146\157\166\204\137\072\123\026\133\146\116\140}{subsection.2.3}% 15
\BOOKMARK [2][-]{subsection.2.4}{\376\377\204\270\231\217\377\032\215\113\116\210\134\017\152\041\127\213\143\250\164\006\200\375\122\233}{section.2}% 16
\BOOKMARK [1][-]{section.3}{\376\377\133\236\232\214}{}% 17
\BOOKMARK [2][-]{subsection.3.1}{\376\377\000D\000e\000e\000p\000S\000e\000e\000k\000-\000R\0001\000\040\213\304\117\060}{section.3}% 18
\BOOKMARK [2][-]{subsection.3.2}{\376\377\204\270\231\217\152\041\127\213\213\304\117\060}{section.3}% 19
\BOOKMARK [1][-]{section.4}{\376\377\213\250\213\272}{}% 20
\BOOKMARK [2][-]{subsection.4.1}{\376\377\204\270\231\217\116\016\137\072\123\026\133\146\116\140}{section.4}% 21
\BOOKMARK [2][-]{subsection.4.2}{\376\377\116\015\142\020\122\237\166\204\134\035\213\325}{section.4}% 22
\BOOKMARK [1][-]{section.5}{\376\377\176\323\213\272\060\001\134\100\226\120\140\047\116\016\147\052\147\145\135\345\117\134}{}% 23
\BOOKMARK [1][-]{appendix.A}{\376\377\215\041\163\056\116\016\201\364\214\042}{}% 24
